# JRE version: Java(TM) SE Runtime Environment (7.0_51-b13) (build 1.7.0_51-b13)
# Java VM: Java HotSpot(TM) 64-Bit Server VM (24.51-b03 mixed mode windows-amd64 compressed oops)
Heap
 PSYoungGen      total 113152K, used 64945K [0x00000000ec600000, 0x00000000f4400000, 0x0000000100000000)
  eden space 108032K, 55% used [0x00000000ec600000,0x00000000f00a67b8,0x00000000f2f80000)
  from space 5120K, 95% used [0x00000000f3800000,0x00000000f3cc5ce0,0x00000000f3d00000)
  to   space 7168K, 0% used [0x00000000f3d00000,0x00000000f3d00000,0x00000000f4400000)
 ParOldGen       total 39936K, used 15844K [0x00000000c5200000, 0x00000000c7900000, 0x00000000ec600000)
  object space 39936K, 39% used [0x00000000c5200000,0x00000000c61790d8,0x00000000c7900000)
 PSPermGen       total 21504K, used 17299K [0x00000000c0000000, 0x00000000c1500000, 0x00000000c5200000)
  object space 21504K, 80% used [0x00000000c0000000,0x00000000c10e4fc8,0x00000000c1500000)
GC Heap History (10 events):
Event: 5.003 GC heap before
{Heap before GC invocations=5 (full 0):
 PSYoungGen      total 64000K, used 63970K [0x00000000ec600000, 0x00000000f0700000, 0x0000000100000000)
  eden space 61440K, 100% used [0x00000000ec600000,0x00000000f0200000,0x00000000f0200000)
  from space 2560K, 98% used [0x00000000f0480000,0x00000000f06f8a10,0x00000000f0700000)
  to   space 2560K, 0% used [0x00000000f0200000,0x00000000f0200000,0x00000000f0480000)
 ParOldGen       total 39936K, used 7042K [0x00000000c5200000, 0x00000000c7900000, 0x00000000ec600000)
  object space 39936K, 17% used [0x00000000c5200000,0x00000000c58e0aa8,0x00000000c7900000)
 PSPermGen       total 21504K, used 16670K [0x00000000c0000000, 0x00000000c1500000, 0x00000000c5200000)
  object space 21504K, 77% used [0x00000000c0000000,0x00000000c1047b38,0x00000000c1500000)
Event: 5.013 GC heap after
Heap after GC invocations=5 (full 0):
 PSYoungGen      total 64000K, used 2530K [0x00000000ec600000, 0x00000000f4900000, 0x0000000100000000)
  eden space 61440K, 0% used [0x00000000ec600000,0x00000000ec600000,0x00000000f0200000)
  from space 2560K, 98% used [0x00000000f0200000,0x00000000f0478858,0x00000000f0480000)
  to   space 5632K, 0% used [0x00000000f4380000,0x00000000f4380000,0x00000000f4900000)
 ParOldGen       total 39936K, used 9436K [0x00000000c5200000, 0x00000000c7900000, 0x00000000ec600000)
  object space 39936K, 23% used [0x00000000c5200000,0x00000000c5b37160,0x00000000c7900000)
 PSPermGen       total 21504K, used 16670K [0x00000000c0000000, 0x00000000c1500000, 0x00000000c5200000)
  object space 21504K, 77% used [0x00000000c0000000,0x00000000c1047b38,0x00000000c1500000)
}
Event: 5.465 GC heap before
{Heap before GC invocations=6 (full 0):
 PSYoungGen      total 64000K, used 63970K [0x00000000ec600000, 0x00000000f4900000, 0x0000000100000000)
  eden space 61440K, 100% used [0x00000000ec600000,0x00000000f0200000,0x00000000f0200000)
  from space 2560K, 98% used [0x00000000f0200000,0x00000000f0478858,0x00000000f0480000)
  to   space 5632K, 0% used [0x00000000f4380000,0x00000000f4380000,0x00000000f4900000)
 ParOldGen       total 39936K, used 9436K [0x00000000c5200000, 0x00000000c7900000, 0x00000000ec600000)
  object space 39936K, 23% used [0x00000000c5200000,0x00000000c5b37160,0x00000000c7900000)
 PSPermGen       total 21504K, used 16671K [0x00000000c0000000, 0x00000000c1500000, 0x00000000c5200000)
  object space 21504K, 77% used [0x00000000c0000000,0x00000000c1047ff8,0x00000000c1500000)
Event: 5.472 GC heap after
Heap after GC invocations=6 (full 0):
 PSYoungGen      total 128512K, used 3936K [0x00000000ec600000, 0x00000000f4900000, 0x0000000100000000)
  eden space 122880K, 0% used [0x00000000ec600000,0x00000000ec600000,0x00000000f3e00000)
  from space 5632K, 69% used [0x00000000f4380000,0x00000000f47583c0,0x00000000f4900000)
  to   space 5632K, 0% used [0x00000000f3e00000,0x00000000f3e00000,0x00000000f4380000)
 ParOldGen       total 39936K, used 9436K [0x00000000c5200000, 0x00000000c7900000, 0x00000000ec600000)
  object space 39936K, 23% used [0x00000000c5200000,0x00000000c5b37160,0x00000000c7900000)
 PSPermGen       total 21504K, used 16671K [0x00000000c0000000, 0x00000000c1500000, 0x00000000c5200000)
  object space 21504K, 77% used [0x00000000c0000000,0x00000000c1047ff8,0x00000000c1500000)
}
Event: 16.727 GC heap before
{Heap before GC invocations=7 (full 0):
 PSYoungGen      total 128512K, used 126816K [0x00000000ec600000, 0x00000000f4900000, 0x0000000100000000)
  eden space 122880K, 100% used [0x00000000ec600000,0x00000000f3e00000,0x00000000f3e00000)
  from space 5632K, 69% used [0x00000000f4380000,0x00000000f47583c0,0x00000000f4900000)
  to   space 5632K, 0% used [0x00000000f3e00000,0x00000000f3e00000,0x00000000f4380000)
 ParOldGen       total 39936K, used 9436K [0x00000000c5200000, 0x00000000c7900000, 0x00000000ec600000)
  object space 39936K, 23% used [0x00000000c5200000,0x00000000c5b37160,0x00000000c7900000)
 PSPermGen       total 21504K, used 17190K [0x00000000c0000000, 0x00000000c1500000, 0x00000000c5200000)
  object space 21504K, 79% used [0x00000000c0000000,0x00000000c10c98b0,0x00000000c1500000)
Event: 16.741 GC heap after
Heap after GC invocations=7 (full 0):
 PSYoungGen      total 123392K, used 5615K [0x00000000ec600000, 0x00000000f4a00000, 0x0000000100000000)
  eden space 117760K, 0% used [0x00000000ec600000,0x00000000ec600000,0x00000000f3900000)
  from space 5632K, 99% used [0x00000000f3e00000,0x00000000f437bed0,0x00000000f4380000)
  to   space 6656K, 0% used [0x00000000f4380000,0x00000000f4380000,0x00000000f4a00000)
 ParOldGen       total 39936K, used 14667K [0x00000000c5200000, 0x00000000c7900000, 0x00000000ec600000)
  object space 39936K, 36% used [0x00000000c5200000,0x00000000c6052e00,0x00000000c7900000)
 PSPermGen       total 21504K, used 17190K [0x00000000c0000000, 0x00000000c1500000, 0x00000000c5200000)
  object space 21504K, 79% used [0x00000000c0000000,0x00000000c10c98b0,0x00000000c1500000)
}
Event: 31.636 GC heap before
{Heap before GC invocations=8 (full 0):
 PSYoungGen      total 123392K, used 123375K [0x00000000ec600000, 0x00000000f4a00000, 0x0000000100000000)
  eden space 117760K, 100% used [0x00000000ec600000,0x00000000f3900000,0x00000000f3900000)
  from space 5632K, 99% used [0x00000000f3e00000,0x00000000f437bed0,0x00000000f4380000)
  to   space 6656K, 0% used [0x00000000f4380000,0x00000000f4380000,0x00000000f4a00000)
 ParOldGen       total 39936K, used 14667K [0x00000000c5200000, 0x00000000c7900000, 0x00000000ec600000)
  object space 39936K, 36% used [0x00000000c5200000,0x00000000c6052e00,0x00000000c7900000)
 PSPermGen       total 21504K, used 17243K [0x00000000c0000000, 0x00000000c1500000, 0x00000000c5200000)
  object space 21504K, 80% used [0x00000000c0000000,0x00000000c10d6d58,0x00000000c1500000)
Event: 31.645 GC heap after
Heap after GC invocations=8 (full 0):
 PSYoungGen      total 118272K, used 5477K [0x00000000ec600000, 0x00000000f4900000, 0x0000000100000000)
  eden space 112640K, 0% used [0x00000000ec600000,0x00000000ec600000,0x00000000f3400000)
  from space 5632K, 97% used [0x00000000f4380000,0x00000000f48d9450,0x00000000f4900000)
  to   space 8704K, 0% used [0x00000000f3800000,0x00000000f3800000,0x00000000f4080000)
 ParOldGen       total 39936K, used 15226K [0x00000000c5200000, 0x00000000c7900000, 0x00000000ec600000)
  object space 39936K, 38% used [0x00000000c5200000,0x00000000c60de908,0x00000000c7900000)
 PSPermGen       total 21504K, used 17243K [0x00000000c0000000, 0x00000000c1500000, 0x00000000c5200000)
  object space 21504K, 80% used [0x00000000c0000000,0x00000000c10d6d58,0x00000000c1500000)
}
Event: 45.164 GC heap before
{Heap before GC invocations=9 (full 0):
 PSYoungGen      total 118272K, used 118117K [0x00000000ec600000, 0x00000000f4900000, 0x0000000100000000)
  eden space 112640K, 100% used [0x00000000ec600000,0x00000000f3400000,0x00000000f3400000)
  from space 5632K, 97% used [0x00000000f4380000,0x00000000f48d9450,0x00000000f4900000)
  to   space 8704K, 0% used [0x00000000f3800000,0x00000000f3800000,0x00000000f4080000)
 ParOldGen       total 39936K, used 15226K [0x00000000c5200000, 0x00000000c7900000, 0x00000000ec600000)
  object space 39936K, 38% used [0x00000000c5200000,0x00000000c60de908,0x00000000c7900000)
 PSPermGen       total 21504K, used 17274K [0x00000000c0000000, 0x00000000c1500000, 0x00000000c5200000)
  object space 21504K, 80% used [0x00000000c0000000,0x00000000c10de948,0x00000000c1500000)
Event: 45.173 GC heap after
Heap after GC invocations=9 (full 0):
 PSYoungGen      total 113152K, used 4887K [0x00000000ec600000, 0x00000000f4400000, 0x0000000100000000)
  eden space 108032K, 0% used [0x00000000ec600000,0x00000000ec600000,0x00000000f2f80000)
  from space 5120K, 95% used [0x00000000f3800000,0x00000000f3cc5ce0,0x00000000f3d00000)
  to   space 7168K, 0% used [0x00000000f3d00000,0x00000000f3d00000,0x00000000f4400000)
 ParOldGen       total 39936K, used 15844K [0x00000000c5200000, 0x00000000c7900000, 0x00000000ec600000)
  object space 39936K, 39% used [0x00000000c5200000,0x00000000c61790d8,0x00000000c7900000)
 PSPermGen       total 21504K, used 17274K [0x00000000c0000000, 0x00000000c1500000, 0x00000000c5200000)
  object space 21504K, 80% used [0x00000000c0000000,0x00000000c10de948,0x00000000c1500000)
}

