# JRE version: Java(TM) SE Runtime Environment (7.0_51-b13) (build 1.7.0_51-b13)
# Java VM: Java HotSpot(TM) 64-Bit Server VM (24.51-b03 mixed mode windows-amd64 compressed oops)
Heap
 PSYoungGen      total 129024K, used 112145K [0x00000000ec600000, 0x00000000f4a00000, 0x0000000100000000)
  eden space 122880K, 88% used [0x00000000ec600000,0x00000000f2fa8210,0x00000000f3e00000)
  from space 6144K, 64% used [0x00000000f4400000,0x00000000f47dc3e0,0x00000000f4a00000)
  to   space 6144K, 0% used [0x00000000f3e00000,0x00000000f3e00000,0x00000000f4400000)
 ParOldGen       total 39936K, used 9753K [0x00000000c5200000, 0x00000000c7900000, 0x00000000ec600000)
  object space 39936K, 24% used [0x00000000c5200000,0x00000000c5b86770,0x00000000c7900000)
 PSPermGen       total 21504K, used 16969K [0x00000000c0000000, 0x00000000c1500000, 0x00000000c5200000)
  object space 21504K, 78% used [0x00000000c0000000,0x00000000c10926b8,0x00000000c1500000)
GC Heap History (10 events):
Event: 1.066 GC heap before
{Heap before GC invocations=2 (full 0):
 PSYoungGen      total 17920K, used 17889K [0x00000000ec600000, 0x00000000ee900000, 0x0000000100000000)
  eden space 15360K, 100% used [0x00000000ec600000,0x00000000ed500000,0x00000000ed500000)
  from space 2560K, 98% used [0x00000000ed500000,0x00000000ed778400,0x00000000ed780000)
  to   space 2560K, 0% used [0x00000000ee680000,0x00000000ee680000,0x00000000ee900000)
 ParOldGen       total 39936K, used 1193K [0x00000000c5200000, 0x00000000c7900000, 0x00000000ec600000)
  object space 39936K, 2% used [0x00000000c5200000,0x00000000c532a548,0x00000000c7900000)
 PSPermGen       total 21504K, used 12046K [0x00000000c0000000, 0x00000000c1500000, 0x00000000c5200000)
  object space 21504K, 56% used [0x00000000c0000000,0x00000000c0bc3890,0x00000000c1500000)
Event: 1.074 GC heap after
Heap after GC invocations=2 (full 0):
 PSYoungGen      total 33280K, used 2530K [0x00000000ec600000, 0x00000000ee900000, 0x0000000100000000)
  eden space 30720K, 0% used [0x00000000ec600000,0x00000000ec600000,0x00000000ee400000)
  from space 2560K, 98% used [0x00000000ee680000,0x00000000ee8f8a40,0x00000000ee900000)
  to   space 2560K, 0% used [0x00000000ee400000,0x00000000ee400000,0x00000000ee680000)
 ParOldGen       total 39936K, used 2558K [0x00000000c5200000, 0x00000000c7900000, 0x00000000ec600000)
  object space 39936K, 6% used [0x00000000c5200000,0x00000000c547f978,0x00000000c7900000)
 PSPermGen       total 21504K, used 12046K [0x00000000c0000000, 0x00000000c1500000, 0x00000000c5200000)
  object space 21504K, 56% used [0x00000000c0000000,0x00000000c0bc3890,0x00000000c1500000)
}
Event: 3.033 GC heap before
{Heap before GC invocations=3 (full 0):
 PSYoungGen      total 33280K, used 33250K [0x00000000ec600000, 0x00000000ee900000, 0x0000000100000000)
  eden space 30720K, 100% used [0x00000000ec600000,0x00000000ee400000,0x00000000ee400000)
  from space 2560K, 98% used [0x00000000ee680000,0x00000000ee8f8a40,0x00000000ee900000)
  to   space 2560K, 0% used [0x00000000ee400000,0x00000000ee400000,0x00000000ee680000)
 ParOldGen       total 39936K, used 2558K [0x00000000c5200000, 0x00000000c7900000, 0x00000000ec600000)
  object space 39936K, 6% used [0x00000000c5200000,0x00000000c547f978,0x00000000c7900000)
 PSPermGen       total 21504K, used 13918K [0x00000000c0000000, 0x00000000c1500000, 0x00000000c5200000)
  object space 21504K, 64% used [0x00000000c0000000,0x00000000c0d97a58,0x00000000c1500000)
Event: 3.041 GC heap after
Heap after GC invocations=3 (full 0):
 PSYoungGen      total 33280K, used 2530K [0x00000000ec600000, 0x00000000f0700000, 0x0000000100000000)
  eden space 30720K, 0% used [0x00000000ec600000,0x00000000ec600000,0x00000000ee400000)
  from space 2560K, 98% used [0x00000000ee400000,0x00000000ee6789e0,0x00000000ee680000)
  to   space 2560K, 0% used [0x00000000f0480000,0x00000000f0480000,0x00000000f0700000)
 ParOldGen       total 39936K, used 4448K [0x00000000c5200000, 0x00000000c7900000, 0x00000000ec600000)
  object space 39936K, 11% used [0x00000000c5200000,0x00000000c5658228,0x00000000c7900000)
 PSPermGen       total 21504K, used 13918K [0x00000000c0000000, 0x00000000c1500000, 0x00000000c5200000)
  object space 21504K, 64% used [0x00000000c0000000,0x00000000c0d97a58,0x00000000c1500000)
}
Event: 3.578 GC heap before
{Heap before GC invocations=4 (full 0):
 PSYoungGen      total 33280K, used 33250K [0x00000000ec600000, 0x00000000f0700000, 0x0000000100000000)
  eden space 30720K, 100% used [0x00000000ec600000,0x00000000ee400000,0x00000000ee400000)
  from space 2560K, 98% used [0x00000000ee400000,0x00000000ee6789e0,0x00000000ee680000)
  to   space 2560K, 0% used [0x00000000f0480000,0x00000000f0480000,0x00000000f0700000)
 ParOldGen       total 39936K, used 4448K [0x00000000c5200000, 0x00000000c7900000, 0x00000000ec600000)
  object space 39936K, 11% used [0x00000000c5200000,0x00000000c5658228,0x00000000c7900000)
 PSPermGen       total 21504K, used 16015K [0x00000000c0000000, 0x00000000c1500000, 0x00000000c5200000)
  object space 21504K, 74% used [0x00000000c0000000,0x00000000c0fa3cc8,0x00000000c1500000)
Event: 3.591 GC heap after
Heap after GC invocations=4 (full 0):
 PSYoungGen      total 64000K, used 2546K [0x00000000ec600000, 0x00000000f0700000, 0x0000000100000000)
  eden space 61440K, 0% used [0x00000000ec600000,0x00000000ec600000,0x00000000f0200000)
  from space 2560K, 99% used [0x00000000f0480000,0x00000000f06fca00,0x00000000f0700000)
  to   space 2560K, 0% used [0x00000000f0200000,0x00000000f0200000,0x00000000f0480000)
 ParOldGen       total 39936K, used 7276K [0x00000000c5200000, 0x00000000c7900000, 0x00000000ec600000)
  object space 39936K, 18% used [0x00000000c5200000,0x00000000c591b2a0,0x00000000c7900000)
 PSPermGen       total 21504K, used 16015K [0x00000000c0000000, 0x00000000c1500000, 0x00000000c5200000)
  object space 21504K, 74% used [0x00000000c0000000,0x00000000c0fa3cc8,0x00000000c1500000)
}
Event: 4.961 GC heap before
{Heap before GC invocations=5 (full 0):
 PSYoungGen      total 64000K, used 63986K [0x00000000ec600000, 0x00000000f0700000, 0x0000000100000000)
  eden space 61440K, 100% used [0x00000000ec600000,0x00000000f0200000,0x00000000f0200000)
  from space 2560K, 99% used [0x00000000f0480000,0x00000000f06fca00,0x00000000f0700000)
  to   space 2560K, 0% used [0x00000000f0200000,0x00000000f0200000,0x00000000f0480000)
 ParOldGen       total 39936K, used 7276K [0x00000000c5200000, 0x00000000c7900000, 0x00000000ec600000)
  object space 39936K, 18% used [0x00000000c5200000,0x00000000c591b2a0,0x00000000c7900000)
 PSPermGen       total 21504K, used 16701K [0x00000000c0000000, 0x00000000c1500000, 0x00000000c5200000)
  object space 21504K, 77% used [0x00000000c0000000,0x00000000c104f590,0x00000000c1500000)
Event: 4.972 GC heap after
Heap after GC invocations=5 (full 0):
 PSYoungGen      total 64000K, used 2530K [0x00000000ec600000, 0x00000000f4a00000, 0x0000000100000000)
  eden space 61440K, 0% used [0x00000000ec600000,0x00000000ec600000,0x00000000f0200000)
  from space 2560K, 98% used [0x00000000f0200000,0x00000000f0478868,0x00000000f0480000)
  to   space 6144K, 0% used [0x00000000f4400000,0x00000000f4400000,0x00000000f4a00000)
 ParOldGen       total 39936K, used 9753K [0x00000000c5200000, 0x00000000c7900000, 0x00000000ec600000)
  object space 39936K, 24% used [0x00000000c5200000,0x00000000c5b86770,0x00000000c7900000)
 PSPermGen       total 21504K, used 16701K [0x00000000c0000000, 0x00000000c1500000, 0x00000000c5200000)
  object space 21504K, 77% used [0x00000000c0000000,0x00000000c104f590,0x00000000c1500000)
}
Event: 5.409 GC heap before
{Heap before GC invocations=6 (full 0):
 PSYoungGen      total 64000K, used 63970K [0x00000000ec600000, 0x00000000f4a00000, 0x0000000100000000)
  eden space 61440K, 100% used [0x00000000ec600000,0x00000000f0200000,0x00000000f0200000)
  from space 2560K, 98% used [0x00000000f0200000,0x00000000f0478868,0x00000000f0480000)
  to   space 6144K, 0% used [0x00000000f4400000,0x00000000f4400000,0x00000000f4a00000)
 ParOldGen       total 39936K, used 9753K [0x00000000c5200000, 0x00000000c7900000, 0x00000000ec600000)
  object space 39936K, 24% used [0x00000000c5200000,0x00000000c5b86770,0x00000000c7900000)
 PSPermGen       total 21504K, used 16702K [0x00000000c0000000, 0x00000000c1500000, 0x00000000c5200000)
  object space 21504K, 77% used [0x00000000c0000000,0x00000000c104fa38,0x00000000c1500000)
Event: 5.415 GC heap after
Heap after GC invocations=6 (full 0):
 PSYoungGen      total 129024K, used 3952K [0x00000000ec600000, 0x00000000f4a00000, 0x0000000100000000)
  eden space 122880K, 0% used [0x00000000ec600000,0x00000000ec600000,0x00000000f3e00000)
  from space 6144K, 64% used [0x00000000f4400000,0x00000000f47dc3e0,0x00000000f4a00000)
  to   space 6144K, 0% used [0x00000000f3e00000,0x00000000f3e00000,0x00000000f4400000)
 ParOldGen       total 39936K, used 9753K [0x00000000c5200000, 0x00000000c7900000, 0x00000000ec600000)
  object space 39936K, 24% used [0x00000000c5200000,0x00000000c5b86770,0x00000000c7900000)
 PSPermGen       total 21504K, used 16702K [0x00000000c0000000, 0x00000000c1500000, 0x00000000c5200000)
  object space 21504K, 77% used [0x00000000c0000000,0x00000000c104fa38,0x00000000c1500000)
}

