# JRE version: Java(TM) SE Runtime Environment (7.0_51-b13) (build 1.7.0_51-b13)
# Java VM: Java HotSpot(TM) 64-Bit Server VM (24.51-b03 mixed mode windows-amd64 compressed oops)
Heap
 PSYoungGen      total 127488K, used 82537K [0x00000000ec600000, 0x00000000f8780000, 0x0000000100000000)
  eden space 107008K, 71% used [0x00000000ec600000,0x00000000f1037028,0x00000000f2e80000)
  from space 20480K, 31% used [0x00000000f2e80000,0x00000000f34e36c0,0x00000000f4280000)
  to   space 18944K, 0% used [0x00000000f7500000,0x00000000f7500000,0x00000000f8780000)
 ParOldGen       total 43520K, used 4896K [0x00000000c5200000, 0x00000000c7c80000, 0x00000000ec600000)
  object space 43520K, 11% used [0x00000000c5200000,0x00000000c56c83b8,0x00000000c7c80000)
 PSPermGen       total 32768K, used 16942K [0x00000000c0000000, 0x00000000c2000000, 0x00000000c5200000)
  object space 32768K, 51% used [0x00000000c0000000,0x00000000c108ba80,0x00000000c2000000)
GC Heap History (10 events):
Event: 8.883 GC heap before
{Heap before GC invocations=4 (full 0):
 PSYoungGen      total 33280K, used 32469K [0x00000000ec600000, 0x00000000f0700000, 0x0000000100000000)
  eden space 30720K, 97% used [0x00000000ec600000,0x00000000ee33cb40,0x00000000ee400000)
  from space 2560K, 98% used [0x00000000ee400000,0x00000000ee678a00,0x00000000ee680000)
  to   space 2560K, 0% used [0x00000000f0480000,0x00000000f0480000,0x00000000f0700000)
 ParOldGen       total 39936K, used 4689K [0x00000000c5200000, 0x00000000c7900000, 0x00000000ec600000)
  object space 39936K, 11% used [0x00000000c5200000,0x00000000c5694488,0x00000000c7900000)
 PSPermGen       total 21504K, used 16055K [0x00000000c0000000, 0x00000000c1500000, 0x00000000c5200000)
  object space 21504K, 74% used [0x00000000c0000000,0x00000000c0fadf28,0x00000000c1500000)
Event: 8.895 GC heap after
Heap after GC invocations=4 (full 0):
 PSYoungGen      total 64000K, used 2546K [0x00000000ec600000, 0x00000000f0700000, 0x0000000100000000)
  eden space 61440K, 0% used [0x00000000ec600000,0x00000000ec600000,0x00000000f0200000)
  from space 2560K, 99% used [0x00000000f0480000,0x00000000f06fca00,0x00000000f0700000)
  to   space 2560K, 0% used [0x00000000f0200000,0x00000000f0200000,0x00000000f0480000)
 ParOldGen       total 39936K, used 7371K [0x00000000c5200000, 0x00000000c7900000, 0x00000000ec600000)
  object space 39936K, 18% used [0x00000000c5200000,0x00000000c5932dc0,0x00000000c7900000)
 PSPermGen       total 21504K, used 16055K [0x00000000c0000000, 0x00000000c1500000, 0x00000000c5200000)
  object space 21504K, 74% used [0x00000000c0000000,0x00000000c0fadf28,0x00000000c1500000)
}
Event: 9.696 GC heap before
{Heap before GC invocations=5 (full 0):
 PSYoungGen      total 64000K, used 63986K [0x00000000ec600000, 0x00000000f0700000, 0x0000000100000000)
  eden space 61440K, 100% used [0x00000000ec600000,0x00000000f0200000,0x00000000f0200000)
  from space 2560K, 99% used [0x00000000f0480000,0x00000000f06fca00,0x00000000f0700000)
  to   space 2560K, 0% used [0x00000000f0200000,0x00000000f0200000,0x00000000f0480000)
 ParOldGen       total 39936K, used 7371K [0x00000000c5200000, 0x00000000c7900000, 0x00000000ec600000)
  object space 39936K, 18% used [0x00000000c5200000,0x00000000c5932dc0,0x00000000c7900000)
 PSPermGen       total 21504K, used 16154K [0x00000000c0000000, 0x00000000c1500000, 0x00000000c5200000)
  object space 21504K, 75% used [0x00000000c0000000,0x00000000c0fc69d0,0x00000000c1500000)
Event: 9.720 GC heap after
Heap after GC invocations=5 (full 0):
 PSYoungGen      total 64000K, used 2546K [0x00000000ec600000, 0x00000000f6700000, 0x0000000100000000)
  eden space 61440K, 0% used [0x00000000ec600000,0x00000000ec600000,0x00000000f0200000)
  from space 2560K, 99% used [0x00000000f0200000,0x00000000f047ca20,0x00000000f0480000)
  to   space 20992K, 0% used [0x00000000f5280000,0x00000000f5280000,0x00000000f6700000)
 ParOldGen       total 39936K, used 31797K [0x00000000c5200000, 0x00000000c7900000, 0x00000000ec600000)
  object space 39936K, 79% used [0x00000000c5200000,0x00000000c710d640,0x00000000c7900000)
 PSPermGen       total 21504K, used 16154K [0x00000000c0000000, 0x00000000c1500000, 0x00000000c5200000)
  object space 21504K, 75% used [0x00000000c0000000,0x00000000c0fc69d0,0x00000000c1500000)
}
Event: 9.720 GC heap before
{Heap before GC invocations=6 (full 1):
 PSYoungGen      total 64000K, used 2546K [0x00000000ec600000, 0x00000000f6700000, 0x0000000100000000)
  eden space 61440K, 0% used [0x00000000ec600000,0x00000000ec600000,0x00000000f0200000)
  from space 2560K, 99% used [0x00000000f0200000,0x00000000f047ca20,0x00000000f0480000)
  to   space 20992K, 0% used [0x00000000f5280000,0x00000000f5280000,0x00000000f6700000)
 ParOldGen       total 39936K, used 31797K [0x00000000c5200000, 0x00000000c7900000, 0x00000000ec600000)
  object space 39936K, 79% used [0x00000000c5200000,0x00000000c710d640,0x00000000c7900000)
 PSPermGen       total 21504K, used 16154K [0x00000000c0000000, 0x00000000c1500000, 0x00000000c5200000)
  object space 21504K, 75% used [0x00000000c0000000,0x00000000c0fc69d0,0x00000000c1500000)
Event: 9.804 GC heap after
Heap after GC invocations=6 (full 1):
 PSYoungGen      total 64000K, used 0K [0x00000000ec600000, 0x00000000f6700000, 0x0000000100000000)
  eden space 61440K, 0% used [0x00000000ec600000,0x00000000ec600000,0x00000000f0200000)
  from space 2560K, 0% used [0x00000000f0200000,0x00000000f0200000,0x00000000f0480000)
  to   space 20992K, 0% used [0x00000000f5280000,0x00000000f5280000,0x00000000f6700000)
 ParOldGen       total 43520K, used 4896K [0x00000000c5200000, 0x00000000c7c80000, 0x00000000ec600000)
  object space 43520K, 11% used [0x00000000c5200000,0x00000000c56c83b8,0x00000000c7c80000)
 PSPermGen       total 32768K, used 16149K [0x00000000c0000000, 0x00000000c2000000, 0x00000000c5200000)
  object space 32768K, 49% used [0x00000000c0000000,0x00000000c0fc57e0,0x00000000c2000000)
}
Event: 10.794 GC heap before
{Heap before GC invocations=7 (full 1):
 PSYoungGen      total 64000K, used 61440K [0x00000000ec600000, 0x00000000f6700000, 0x0000000100000000)
  eden space 61440K, 100% used [0x00000000ec600000,0x00000000f0200000,0x00000000f0200000)
  from space 2560K, 0% used [0x00000000f0200000,0x00000000f0200000,0x00000000f0480000)
  to   space 20992K, 0% used [0x00000000f5280000,0x00000000f5280000,0x00000000f6700000)
 ParOldGen       total 43520K, used 4896K [0x00000000c5200000, 0x00000000c7c80000, 0x00000000ec600000)
  object space 43520K, 11% used [0x00000000c5200000,0x00000000c56c83b8,0x00000000c7c80000)
 PSPermGen       total 32768K, used 16602K [0x00000000c0000000, 0x00000000c2000000, 0x00000000c5200000)
  object space 32768K, 50% used [0x00000000c0000000,0x00000000c1036950,0x00000000c2000000)
Event: 10.800 GC heap after
Heap after GC invocations=7 (full 1):
 PSYoungGen      total 104448K, used 3803K [0x00000000ec600000, 0x00000000f5680000, 0x0000000100000000)
  eden space 100352K, 0% used [0x00000000ec600000,0x00000000ec600000,0x00000000f2800000)
  from space 4096K, 92% used [0x00000000f5280000,0x00000000f5636de0,0x00000000f5680000)
  to   space 20480K, 0% used [0x00000000f2e80000,0x00000000f2e80000,0x00000000f4280000)
 ParOldGen       total 43520K, used 4896K [0x00000000c5200000, 0x00000000c7c80000, 0x00000000ec600000)
  object space 43520K, 11% used [0x00000000c5200000,0x00000000c56c83b8,0x00000000c7c80000)
 PSPermGen       total 32768K, used 16602K [0x00000000c0000000, 0x00000000c2000000, 0x00000000c5200000)
  object space 32768K, 50% used [0x00000000c0000000,0x00000000c1036950,0x00000000c2000000)
}
Event: 11.902 GC heap before
{Heap before GC invocations=8 (full 1):
 PSYoungGen      total 104448K, used 104155K [0x00000000ec600000, 0x00000000f5680000, 0x0000000100000000)
  eden space 100352K, 100% used [0x00000000ec600000,0x00000000f2800000,0x00000000f2800000)
  from space 4096K, 92% used [0x00000000f5280000,0x00000000f5636de0,0x00000000f5680000)
  to   space 20480K, 0% used [0x00000000f2e80000,0x00000000f2e80000,0x00000000f4280000)
 ParOldGen       total 43520K, used 4896K [0x00000000c5200000, 0x00000000c7c80000, 0x00000000ec600000)
  object space 43520K, 11% used [0x00000000c5200000,0x00000000c56c83b8,0x00000000c7c80000)
 PSPermGen       total 32768K, used 16808K [0x00000000c0000000, 0x00000000c2000000, 0x00000000c5200000)
  object space 32768K, 51% used [0x00000000c0000000,0x00000000c106a158,0x00000000c2000000)
Event: 11.909 GC heap after
Heap after GC invocations=8 (full 1):
 PSYoungGen      total 127488K, used 6541K [0x00000000ec600000, 0x00000000f8780000, 0x0000000100000000)
  eden space 107008K, 0% used [0x00000000ec600000,0x00000000ec600000,0x00000000f2e80000)
  from space 20480K, 31% used [0x00000000f2e80000,0x00000000f34e36c0,0x00000000f4280000)
  to   space 18944K, 0% used [0x00000000f7500000,0x00000000f7500000,0x00000000f8780000)
 ParOldGen       total 43520K, used 4896K [0x00000000c5200000, 0x00000000c7c80000, 0x00000000ec600000)
  object space 43520K, 11% used [0x00000000c5200000,0x00000000c56c83b8,0x00000000c7c80000)
 PSPermGen       total 32768K, used 16808K [0x00000000c0000000, 0x00000000c2000000, 0x00000000c5200000)
  object space 32768K, 51% used [0x00000000c0000000,0x00000000c106a158,0x00000000c2000000)
}

