# JRE version: Java(TM) SE Runtime Environment (7.0_51-b13) (build 1.7.0_51-b13)
# Java VM: Java HotSpot(TM) 64-Bit Server VM (24.51-b03 mixed mode windows-amd64 compressed oops)
Heap
 PSYoungGen      total 270336K, used 146300K [0x00000000ec600000, 0x00000000fec00000, 0x0000000100000000)
  eden space 260096K, 56% used [0x00000000ec600000,0x00000000f5477368,0x00000000fc400000)
  from space 10240K, 4% used [0x00000000fd880000,0x00000000fd8e8000,0x00000000fe280000)
  to   space 9728K, 0% used [0x00000000fe280000,0x00000000fe280000,0x00000000fec00000)
 ParOldGen       total 39936K, used 26010K [0x00000000c5200000, 0x00000000c7900000, 0x00000000ec600000)
  object space 39936K, 65% used [0x00000000c5200000,0x00000000c6b66840,0x00000000c7900000)
 PSPermGen       total 21504K, used 17147K [0x00000000c0000000, 0x00000000c1500000, 0x00000000c5200000)
  object space 21504K, 79% used [0x00000000c0000000,0x00000000c10bee98,0x00000000c1500000)
GC Heap History (10 events):
Event: 9.023 GC heap before
{Heap before GC invocations=13 (full 0):
 PSYoungGen      total 310784K, used 300320K [0x00000000ec600000, 0x0000000100000000, 0x0000000100000000)
  eden space 300032K, 100% used [0x00000000ec600000,0x00000000feb00000,0x00000000feb00000)
  from space 10752K, 2% used [0x00000000ff580000,0x00000000ff5c8000,0x0000000100000000)
  to   space 10752K, 0% used [0x00000000feb00000,0x00000000feb00000,0x00000000ff580000)
 ParOldGen       total 39936K, used 24586K [0x00000000c5200000, 0x00000000c7900000, 0x00000000ec600000)
  object space 39936K, 61% used [0x00000000c5200000,0x00000000c6a02840,0x00000000c7900000)
 PSPermGen       total 21504K, used 17122K [0x00000000c0000000, 0x00000000c1500000, 0x00000000c5200000)
  object space 21504K, 79% used [0x00000000c0000000,0x00000000c10b89d8,0x00000000c1500000)
Event: 9.025 GC heap after
Heap after GC invocations=13 (full 0):
 PSYoungGen      total 310784K, used 480K [0x00000000ec600000, 0x0000000100000000, 0x0000000100000000)
  eden space 300032K, 0% used [0x00000000ec600000,0x00000000ec600000,0x00000000feb00000)
  from space 10752K, 4% used [0x00000000feb00000,0x00000000feb78000,0x00000000ff580000)
  to   space 10752K, 0% used [0x00000000ff580000,0x00000000ff580000,0x0000000100000000)
 ParOldGen       total 39936K, used 24786K [0x00000000c5200000, 0x00000000c7900000, 0x00000000ec600000)
  object space 39936K, 62% used [0x00000000c5200000,0x00000000c6a34840,0x00000000c7900000)
 PSPermGen       total 21504K, used 17122K [0x00000000c0000000, 0x00000000c1500000, 0x00000000c5200000)
  object space 21504K, 79% used [0x00000000c0000000,0x00000000c10b89d8,0x00000000c1500000)
}
Event: 9.284 GC heap before
{Heap before GC invocations=14 (full 0):
 PSYoungGen      total 310784K, used 300512K [0x00000000ec600000, 0x0000000100000000, 0x0000000100000000)
  eden space 300032K, 100% used [0x00000000ec600000,0x00000000feb00000,0x00000000feb00000)
  from space 10752K, 4% used [0x00000000feb00000,0x00000000feb78000,0x00000000ff580000)
  to   space 10752K, 0% used [0x00000000ff580000,0x00000000ff580000,0x0000000100000000)
 ParOldGen       total 39936K, used 24786K [0x00000000c5200000, 0x00000000c7900000, 0x00000000ec600000)
  object space 39936K, 62% used [0x00000000c5200000,0x00000000c6a34840,0x00000000c7900000)
 PSPermGen       total 21504K, used 17126K [0x00000000c0000000, 0x00000000c1500000, 0x00000000c5200000)
  object space 21504K, 79% used [0x00000000c0000000,0x00000000c10b9820,0x00000000c1500000)
Event: 9.286 GC heap after
Heap after GC invocations=14 (full 0):
 PSYoungGen      total 310784K, used 320K [0x00000000ec600000, 0x0000000100000000, 0x0000000100000000)
  eden space 300032K, 0% used [0x00000000ec600000,0x00000000ec600000,0x00000000feb00000)
  from space 10752K, 2% used [0x00000000ff580000,0x00000000ff5d0000,0x0000000100000000)
  to   space 10752K, 0% used [0x00000000feb00000,0x00000000feb00000,0x00000000ff580000)
 ParOldGen       total 39936K, used 25170K [0x00000000c5200000, 0x00000000c7900000, 0x00000000ec600000)
  object space 39936K, 63% used [0x00000000c5200000,0x00000000c6a94840,0x00000000c7900000)
 PSPermGen       total 21504K, used 17126K [0x00000000c0000000, 0x00000000c1500000, 0x00000000c5200000)
  object space 21504K, 79% used [0x00000000c0000000,0x00000000c10b9820,0x00000000c1500000)
}
Event: 9.541 GC heap before
{Heap before GC invocations=15 (full 0):
 PSYoungGen      total 310784K, used 300352K [0x00000000ec600000, 0x0000000100000000, 0x0000000100000000)
  eden space 300032K, 100% used [0x00000000ec600000,0x00000000feb00000,0x00000000feb00000)
  from space 10752K, 2% used [0x00000000ff580000,0x00000000ff5d0000,0x0000000100000000)
  to   space 10752K, 0% used [0x00000000feb00000,0x00000000feb00000,0x00000000ff580000)
 ParOldGen       total 39936K, used 25170K [0x00000000c5200000, 0x00000000c7900000, 0x00000000ec600000)
  object space 39936K, 63% used [0x00000000c5200000,0x00000000c6a94840,0x00000000c7900000)
 PSPermGen       total 21504K, used 17131K [0x00000000c0000000, 0x00000000c1500000, 0x00000000c5200000)
  object space 21504K, 79% used [0x00000000c0000000,0x00000000c10bad30,0x00000000c1500000)
Event: 9.543 GC heap after
Heap after GC invocations=15 (full 0):
 PSYoungGen      total 286720K, used 288K [0x00000000ec600000, 0x00000000ff600000, 0x0000000100000000)
  eden space 286208K, 0% used [0x00000000ec600000,0x00000000ec600000,0x00000000fdd80000)
  from space 512K, 56% used [0x00000000feb00000,0x00000000feb48000,0x00000000feb80000)
  to   space 10752K, 0% used [0x00000000feb80000,0x00000000feb80000,0x00000000ff600000)
 ParOldGen       total 39936K, used 25378K [0x00000000c5200000, 0x00000000c7900000, 0x00000000ec600000)
  object space 39936K, 63% used [0x00000000c5200000,0x00000000c6ac8840,0x00000000c7900000)
 PSPermGen       total 21504K, used 17131K [0x00000000c0000000, 0x00000000c1500000, 0x00000000c5200000)
  object space 21504K, 79% used [0x00000000c0000000,0x00000000c10bad30,0x00000000c1500000)
}
Event: 9.981 GC heap before
{Heap before GC invocations=16 (full 0):
 PSYoungGen      total 286720K, used 286496K [0x00000000ec600000, 0x00000000ff600000, 0x0000000100000000)
  eden space 286208K, 100% used [0x00000000ec600000,0x00000000fdd80000,0x00000000fdd80000)
  from space 512K, 56% used [0x00000000feb00000,0x00000000feb48000,0x00000000feb80000)
  to   space 10752K, 0% used [0x00000000feb80000,0x00000000feb80000,0x00000000ff600000)
 ParOldGen       total 39936K, used 25378K [0x00000000c5200000, 0x00000000c7900000, 0x00000000ec600000)
  object space 39936K, 63% used [0x00000000c5200000,0x00000000c6ac8840,0x00000000c7900000)
 PSPermGen       total 21504K, used 17139K [0x00000000c0000000, 0x00000000c1500000, 0x00000000c5200000)
  object space 21504K, 79% used [0x00000000c0000000,0x00000000c10bce58,0x00000000c1500000)
Event: 9.984 GC heap after
Heap after GC invocations=16 (full 0):
 PSYoungGen      total 273920K, used 544K [0x00000000ec600000, 0x00000000fec80000, 0x0000000100000000)
  eden space 272896K, 0% used [0x00000000ec600000,0x00000000ec600000,0x00000000fd080000)
  from space 1024K, 53% used [0x00000000feb80000,0x00000000fec08000,0x00000000fec80000)
  to   space 10240K, 0% used [0x00000000fd880000,0x00000000fd880000,0x00000000fe280000)
 ParOldGen       total 39936K, used 25578K [0x00000000c5200000, 0x00000000c7900000, 0x00000000ec600000)
  object space 39936K, 64% used [0x00000000c5200000,0x00000000c6afa840,0x00000000c7900000)
 PSPermGen       total 21504K, used 17139K [0x00000000c0000000, 0x00000000c1500000, 0x00000000c5200000)
  object space 21504K, 79% used [0x00000000c0000000,0x00000000c10bce58,0x00000000c1500000)
}
Event: 10.293 GC heap before
{Heap before GC invocations=17 (full 0):
 PSYoungGen      total 273920K, used 273440K [0x00000000ec600000, 0x00000000fec80000, 0x0000000100000000)
  eden space 272896K, 100% used [0x00000000ec600000,0x00000000fd080000,0x00000000fd080000)
  from space 1024K, 53% used [0x00000000feb80000,0x00000000fec08000,0x00000000fec80000)
  to   space 10240K, 0% used [0x00000000fd880000,0x00000000fd880000,0x00000000fe280000)
 ParOldGen       total 39936K, used 25578K [0x00000000c5200000, 0x00000000c7900000, 0x00000000ec600000)
  object space 39936K, 64% used [0x00000000c5200000,0x00000000c6afa840,0x00000000c7900000)
 PSPermGen       total 21504K, used 17145K [0x00000000c0000000, 0x00000000c1500000, 0x00000000c5200000)
  object space 21504K, 79% used [0x00000000c0000000,0x00000000c10be468,0x00000000c1500000)
Event: 10.295 GC heap after
Heap after GC invocations=17 (full 0):
 PSYoungGen      total 270336K, used 416K [0x00000000ec600000, 0x00000000fec00000, 0x0000000100000000)
  eden space 260096K, 0% used [0x00000000ec600000,0x00000000ec600000,0x00000000fc400000)
  from space 10240K, 4% used [0x00000000fd880000,0x00000000fd8e8000,0x00000000fe280000)
  to   space 9728K, 0% used [0x00000000fe280000,0x00000000fe280000,0x00000000fec00000)
 ParOldGen       total 39936K, used 26010K [0x00000000c5200000, 0x00000000c7900000, 0x00000000ec600000)
  object space 39936K, 65% used [0x00000000c5200000,0x00000000c6b66840,0x00000000c7900000)
 PSPermGen       total 21504K, used 17145K [0x00000000c0000000, 0x00000000c1500000, 0x00000000c5200000)
  object space 21504K, 79% used [0x00000000c0000000,0x00000000c10be468,0x00000000c1500000)
}

