# JRE version: Java(TM) SE Runtime Environment (7.0_51-b13) (build 1.7.0_51-b13)
# Java VM: Java HotSpot(TM) 64-Bit Server VM (24.51-b03 mixed mode windows-amd64 compressed oops)
Heap
 PSYoungGen      total 319488K, used 64229K [0x00000000ec600000, 0x0000000100000000, 0x0000000100000000)
  eden space 318464K, 20% used [0x00000000ec600000,0x00000000f0463310,0x00000000ffd00000)
  from space 1024K, 33% used [0x00000000fff00000,0x00000000fff56450,0x0000000100000000)
  to   space 1536K, 0% used [0x00000000ffd00000,0x00000000ffd00000,0x00000000ffe80000)
 ParOldGen       total 55808K, used 49647K [0x00000000c5200000, 0x00000000c8880000, 0x00000000ec600000)
  object space 55808K, 88% used [0x00000000c5200000,0x00000000c827be30,0x00000000c8880000)
 PSPermGen       total 34816K, used 17311K [0x00000000c0000000, 0x00000000c2200000, 0x00000000c5200000)
  object space 34816K, 49% used [0x00000000c0000000,0x00000000c10e7c48,0x00000000c2200000)
GC Heap History (10 events):
Event: 37.976 GC heap before
{Heap before GC invocations=109 (full 1):
 PSYoungGen      total 320512K, used 319808K [0x00000000ec600000, 0x0000000100000000, 0x0000000100000000)
  eden space 319488K, 100% used [0x00000000ec600000,0x00000000ffe00000,0x00000000ffe00000)
  from space 1024K, 31% used [0x00000000ffe00000,0x00000000ffe50000,0x00000000fff00000)
  to   space 1024K, 0% used [0x00000000fff00000,0x00000000fff00000,0x0000000100000000)
 ParOldGen       total 55808K, used 46894K [0x00000000c5200000, 0x00000000c8880000, 0x00000000ec600000)
  object space 55808K, 84% used [0x00000000c5200000,0x00000000c7fcba30,0x00000000c8880000)
 PSPermGen       total 34816K, used 17307K [0x00000000c0000000, 0x00000000c2200000, 0x00000000c5200000)
  object space 34816K, 49% used [0x00000000c0000000,0x00000000c10e6ce8,0x00000000c2200000)
Event: 37.981 GC heap after
Heap after GC invocations=109 (full 1):
 PSYoungGen      total 320512K, used 504K [0x00000000ec600000, 0x0000000100000000, 0x0000000100000000)
  eden space 319488K, 0% used [0x00000000ec600000,0x00000000ec600000,0x00000000ffe00000)
  from space 1024K, 49% used [0x00000000fff00000,0x00000000fff7e130,0x0000000100000000)
  to   space 1024K, 0% used [0x00000000ffe00000,0x00000000ffe00000,0x00000000fff00000)
 ParOldGen       total 55808K, used 47094K [0x00000000c5200000, 0x00000000c8880000, 0x00000000ec600000)
  object space 55808K, 84% used [0x00000000c5200000,0x00000000c7ffda30,0x00000000c8880000)
 PSPermGen       total 34816K, used 17307K [0x00000000c0000000, 0x00000000c2200000, 0x00000000c5200000)
  object space 34816K, 49% used [0x00000000c0000000,0x00000000c10e6ce8,0x00000000c2200000)
}
Event: 38.251 GC heap before
{Heap before GC invocations=110 (full 1):
 PSYoungGen      total 320512K, used 319992K [0x00000000ec600000, 0x0000000100000000, 0x0000000100000000)
  eden space 319488K, 100% used [0x00000000ec600000,0x00000000ffe00000,0x00000000ffe00000)
  from space 1024K, 49% used [0x00000000fff00000,0x00000000fff7e130,0x0000000100000000)
  to   space 1024K, 0% used [0x00000000ffe00000,0x00000000ffe00000,0x00000000fff00000)
 ParOldGen       total 55808K, used 47094K [0x00000000c5200000, 0x00000000c8880000, 0x00000000ec600000)
  object space 55808K, 84% used [0x00000000c5200000,0x00000000c7ffda30,0x00000000c8880000)
 PSPermGen       total 34816K, used 17307K [0x00000000c0000000, 0x00000000c2200000, 0x00000000c5200000)
  object space 34816K, 49% used [0x00000000c0000000,0x00000000c10e6e30,0x00000000c2200000)
Event: 38.258 GC heap after
Heap after GC invocations=110 (full 1):
 PSYoungGen      total 320512K, used 312K [0x00000000ec600000, 0x0000000100000000, 0x0000000100000000)
  eden space 319488K, 0% used [0x00000000ec600000,0x00000000ec600000,0x00000000ffe00000)
  from space 1024K, 30% used [0x00000000ffe00000,0x00000000ffe4e1d0,0x00000000fff00000)
  to   space 1024K, 0% used [0x00000000fff00000,0x00000000fff00000,0x0000000100000000)
 ParOldGen       total 55808K, used 47478K [0x00000000c5200000, 0x00000000c8880000, 0x00000000ec600000)
  object space 55808K, 85% used [0x00000000c5200000,0x00000000c805da30,0x00000000c8880000)
 PSPermGen       total 34816K, used 17307K [0x00000000c0000000, 0x00000000c2200000, 0x00000000c5200000)
  object space 34816K, 49% used [0x00000000c0000000,0x00000000c10e6e30,0x00000000c2200000)
}
Event: 38.585 GC heap before
{Heap before GC invocations=111 (full 1):
 PSYoungGen      total 320512K, used 319800K [0x00000000ec600000, 0x0000000100000000, 0x0000000100000000)
  eden space 319488K, 100% used [0x00000000ec600000,0x00000000ffe00000,0x00000000ffe00000)
  from space 1024K, 30% used [0x00000000ffe00000,0x00000000ffe4e1d0,0x00000000fff00000)
  to   space 1024K, 0% used [0x00000000fff00000,0x00000000fff00000,0x0000000100000000)
 ParOldGen       total 55808K, used 47478K [0x00000000c5200000, 0x00000000c8880000, 0x00000000ec600000)
  object space 55808K, 85% used [0x00000000c5200000,0x00000000c805da30,0x00000000c8880000)
 PSPermGen       total 34816K, used 17308K [0x00000000c0000000, 0x00000000c2200000, 0x00000000c5200000)
  object space 34816K, 49% used [0x00000000c0000000,0x00000000c10e7078,0x00000000c2200000)
Event: 38.592 GC heap after
Heap after GC invocations=111 (full 1):
 PSYoungGen      total 320512K, used 512K [0x00000000ec600000, 0x0000000100000000, 0x0000000100000000)
  eden space 319488K, 0% used [0x00000000ec600000,0x00000000ec600000,0x00000000ffe00000)
  from space 1024K, 50% used [0x00000000fff00000,0x00000000fff80010,0x0000000100000000)
  to   space 1024K, 0% used [0x00000000ffe00000,0x00000000ffe00000,0x00000000fff00000)
 ParOldGen       total 55808K, used 47670K [0x00000000c5200000, 0x00000000c8880000, 0x00000000ec600000)
  object space 55808K, 85% used [0x00000000c5200000,0x00000000c808da30,0x00000000c8880000)
 PSPermGen       total 34816K, used 17308K [0x00000000c0000000, 0x00000000c2200000, 0x00000000c5200000)
  object space 34816K, 49% used [0x00000000c0000000,0x00000000c10e7078,0x00000000c2200000)
}
Event: 39.558 GC heap before
{Heap before GC invocations=112 (full 1):
 PSYoungGen      total 320512K, used 320000K [0x00000000ec600000, 0x0000000100000000, 0x0000000100000000)
  eden space 319488K, 100% used [0x00000000ec600000,0x00000000ffe00000,0x00000000ffe00000)
  from space 1024K, 50% used [0x00000000fff00000,0x00000000fff80010,0x0000000100000000)
  to   space 1024K, 0% used [0x00000000ffe00000,0x00000000ffe00000,0x00000000fff00000)
 ParOldGen       total 55808K, used 47670K [0x00000000c5200000, 0x00000000c8880000, 0x00000000ec600000)
  object space 55808K, 85% used [0x00000000c5200000,0x00000000c808da30,0x00000000c8880000)
 PSPermGen       total 34816K, used 17311K [0x00000000c0000000, 0x00000000c2200000, 0x00000000c5200000)
  object space 34816K, 49% used [0x00000000c0000000,0x00000000c10e7c48,0x00000000c2200000)
Event: 39.569 GC heap after
Heap after GC invocations=112 (full 1):
 PSYoungGen      total 320512K, used 992K [0x00000000ec600000, 0x0000000100000000, 0x0000000100000000)
  eden space 319488K, 0% used [0x00000000ec600000,0x00000000ec600000,0x00000000ffe00000)
  from space 1024K, 96% used [0x00000000ffe00000,0x00000000ffef8020,0x00000000fff00000)
  to   space 1024K, 0% used [0x00000000fff00000,0x00000000fff00000,0x0000000100000000)
 ParOldGen       total 55808K, used 48647K [0x00000000c5200000, 0x00000000c8880000, 0x00000000ec600000)
  object space 55808K, 87% used [0x00000000c5200000,0x00000000c8181e10,0x00000000c8880000)
 PSPermGen       total 34816K, used 17311K [0x00000000c0000000, 0x00000000c2200000, 0x00000000c5200000)
  object space 34816K, 49% used [0x00000000c0000000,0x00000000c10e7c48,0x00000000c2200000)
}
Event: 40.124 GC heap before
{Heap before GC invocations=113 (full 1):
 PSYoungGen      total 320512K, used 320480K [0x00000000ec600000, 0x0000000100000000, 0x0000000100000000)
  eden space 319488K, 100% used [0x00000000ec600000,0x00000000ffe00000,0x00000000ffe00000)
  from space 1024K, 96% used [0x00000000ffe00000,0x00000000ffef8020,0x00000000fff00000)
  to   space 1024K, 0% used [0x00000000fff00000,0x00000000fff00000,0x0000000100000000)
 ParOldGen       total 55808K, used 48647K [0x00000000c5200000, 0x00000000c8880000, 0x00000000ec600000)
  object space 55808K, 87% used [0x00000000c5200000,0x00000000c8181e10,0x00000000c8880000)
 PSPermGen       total 34816K, used 17311K [0x00000000c0000000, 0x00000000c2200000, 0x00000000c5200000)
  object space 34816K, 49% used [0x00000000c0000000,0x00000000c10e7c48,0x00000000c2200000)
Event: 40.133 GC heap after
Heap after GC invocations=113 (full 1):
 PSYoungGen      total 319488K, used 345K [0x00000000ec600000, 0x0000000100000000, 0x0000000100000000)
  eden space 318464K, 0% used [0x00000000ec600000,0x00000000ec600000,0x00000000ffd00000)
  from space 1024K, 33% used [0x00000000fff00000,0x00000000fff56450,0x0000000100000000)
  to   space 1536K, 0% used [0x00000000ffd00000,0x00000000ffd00000,0x00000000ffe80000)
 ParOldGen       total 55808K, used 49647K [0x00000000c5200000, 0x00000000c8880000, 0x00000000ec600000)
  object space 55808K, 88% used [0x00000000c5200000,0x00000000c827be30,0x00000000c8880000)
 PSPermGen       total 34816K, used 17311K [0x00000000c0000000, 0x00000000c2200000, 0x00000000c5200000)
  object space 34816K, 49% used [0x00000000c0000000,0x00000000c10e7c48,0x00000000c2200000)
}

