# JRE version: Java(TM) SE Runtime Environment (7.0_51-b13) (build 1.7.0_51-b13)
# Java VM: Java HotSpot(TM) 64-Bit Server VM (24.51-b03 mixed mode windows-amd64 compressed oops)
Heap
 PSYoungGen      total 139264K, used 46444K [0x00000000ec600000, 0x00000000f7680000, 0x0000000100000000)
  eden space 120320K, 27% used [0x00000000ec600000,0x00000000ee659f90,0x00000000f3b80000)
  from space 18944K, 70% used [0x00000000f4f00000,0x00000000f5c01378,0x00000000f6180000)
  to   space 19968K, 0% used [0x00000000f3b80000,0x00000000f3b80000,0x00000000f4f00000)
 ParOldGen       total 48128K, used 6191K [0x00000000c5200000, 0x00000000c8100000, 0x00000000ec600000)
  object space 48128K, 12% used [0x00000000c5200000,0x00000000c580bc38,0x00000000c8100000)
 PSPermGen       total 32256K, used 17171K [0x00000000c0000000, 0x00000000c1f80000, 0x00000000c5200000)
  object space 32256K, 53% used [0x00000000c0000000,0x00000000c10c4fc8,0x00000000c1f80000)
GC Heap History (10 events):
Event: 4.221 GC heap before
{Heap before GC invocations=5 (full 0):
 PSYoungGen      total 64000K, used 63970K [0x00000000ec600000, 0x00000000f0700000, 0x0000000100000000)
  eden space 61440K, 100% used [0x00000000ec600000,0x00000000f0200000,0x00000000f0200000)
  from space 2560K, 98% used [0x00000000f0480000,0x00000000f06f89f0,0x00000000f0700000)
  to   space 2560K, 0% used [0x00000000f0200000,0x00000000f0200000,0x00000000f0480000)
 ParOldGen       total 39936K, used 6903K [0x00000000c5200000, 0x00000000c7900000, 0x00000000ec600000)
  object space 39936K, 17% used [0x00000000c5200000,0x00000000c58bded8,0x00000000c7900000)
 PSPermGen       total 21504K, used 16102K [0x00000000c0000000, 0x00000000c1500000, 0x00000000c5200000)
  object space 21504K, 74% used [0x00000000c0000000,0x00000000c0fb9a70,0x00000000c1500000)
Event: 4.235 GC heap after
Heap after GC invocations=5 (full 0):
 PSYoungGen      total 64000K, used 2530K [0x00000000ec600000, 0x00000000f6600000, 0x0000000100000000)
  eden space 61440K, 0% used [0x00000000ec600000,0x00000000ec600000,0x00000000f0200000)
  from space 2560K, 98% used [0x00000000f0200000,0x00000000f0478a10,0x00000000f0480000)
  to   space 20480K, 0% used [0x00000000f5200000,0x00000000f5200000,0x00000000f6600000)
 ParOldGen       total 39936K, used 31349K [0x00000000c5200000, 0x00000000c7900000, 0x00000000ec600000)
  object space 39936K, 78% used [0x00000000c5200000,0x00000000c709d650,0x00000000c7900000)
 PSPermGen       total 21504K, used 16102K [0x00000000c0000000, 0x00000000c1500000, 0x00000000c5200000)
  object space 21504K, 74% used [0x00000000c0000000,0x00000000c0fb9a70,0x00000000c1500000)
}
Event: 4.235 GC heap before
{Heap before GC invocations=6 (full 1):
 PSYoungGen      total 64000K, used 2530K [0x00000000ec600000, 0x00000000f6600000, 0x0000000100000000)
  eden space 61440K, 0% used [0x00000000ec600000,0x00000000ec600000,0x00000000f0200000)
  from space 2560K, 98% used [0x00000000f0200000,0x00000000f0478a10,0x00000000f0480000)
  to   space 20480K, 0% used [0x00000000f5200000,0x00000000f5200000,0x00000000f6600000)
 ParOldGen       total 39936K, used 31349K [0x00000000c5200000, 0x00000000c7900000, 0x00000000ec600000)
  object space 39936K, 78% used [0x00000000c5200000,0x00000000c709d650,0x00000000c7900000)
 PSPermGen       total 21504K, used 16102K [0x00000000c0000000, 0x00000000c1500000, 0x00000000c5200000)
  object space 21504K, 74% used [0x00000000c0000000,0x00000000c0fb9a70,0x00000000c1500000)
Event: 4.324 GC heap after
Heap after GC invocations=6 (full 1):
 PSYoungGen      total 64000K, used 0K [0x00000000ec600000, 0x00000000f6600000, 0x0000000100000000)
  eden space 61440K, 0% used [0x00000000ec600000,0x00000000ec600000,0x00000000f0200000)
  from space 2560K, 0% used [0x00000000f0200000,0x00000000f0200000,0x00000000f0480000)
  to   space 20480K, 0% used [0x00000000f5200000,0x00000000f5200000,0x00000000f6600000)
 ParOldGen       total 48128K, used 6191K [0x00000000c5200000, 0x00000000c8100000, 0x00000000ec600000)
  object space 48128K, 12% used [0x00000000c5200000,0x00000000c580bc38,0x00000000c8100000)
 PSPermGen       total 32256K, used 16098K [0x00000000c0000000, 0x00000000c1f80000, 0x00000000c5200000)
  object space 32256K, 49% used [0x00000000c0000000,0x00000000c0fb89a0,0x00000000c1f80000)
}
Event: 5.284 GC heap before
{Heap before GC invocations=7 (full 1):
 PSYoungGen      total 64000K, used 61440K [0x00000000ec600000, 0x00000000f6600000, 0x0000000100000000)
  eden space 61440K, 100% used [0x00000000ec600000,0x00000000f0200000,0x00000000f0200000)
  from space 2560K, 0% used [0x00000000f0200000,0x00000000f0200000,0x00000000f0480000)
  to   space 20480K, 0% used [0x00000000f5200000,0x00000000f5200000,0x00000000f6600000)
 ParOldGen       total 48128K, used 6191K [0x00000000c5200000, 0x00000000c8100000, 0x00000000ec600000)
  object space 48128K, 12% used [0x00000000c5200000,0x00000000c580bc38,0x00000000c8100000)
 PSPermGen       total 32256K, used 16475K [0x00000000c0000000, 0x00000000c1f80000, 0x00000000c5200000)
  object space 32256K, 51% used [0x00000000c0000000,0x00000000c1016f30,0x00000000c1f80000)
Event: 5.287 GC heap after
Heap after GC invocations=7 (full 1):
 PSYoungGen      total 90624K, used 2873K [0x00000000ec600000, 0x00000000f5500000, 0x0000000100000000)
  eden space 87552K, 0% used [0x00000000ec600000,0x00000000ec600000,0x00000000f1b80000)
  from space 3072K, 93% used [0x00000000f5200000,0x00000000f54ce408,0x00000000f5500000)
  to   space 20480K, 0% used [0x00000000f2d00000,0x00000000f2d00000,0x00000000f4100000)
 ParOldGen       total 48128K, used 6191K [0x00000000c5200000, 0x00000000c8100000, 0x00000000ec600000)
  object space 48128K, 12% used [0x00000000c5200000,0x00000000c580bc38,0x00000000c8100000)
 PSPermGen       total 32256K, used 16475K [0x00000000c0000000, 0x00000000c1f80000, 0x00000000c5200000)
  object space 32256K, 51% used [0x00000000c0000000,0x00000000c1016f30,0x00000000c1f80000)
}
Event: 6.032 GC heap before
{Heap before GC invocations=8 (full 1):
 PSYoungGen      total 90624K, used 90425K [0x00000000ec600000, 0x00000000f5500000, 0x0000000100000000)
  eden space 87552K, 100% used [0x00000000ec600000,0x00000000f1b80000,0x00000000f1b80000)
  from space 3072K, 93% used [0x00000000f5200000,0x00000000f54ce408,0x00000000f5500000)
  to   space 20480K, 0% used [0x00000000f2d00000,0x00000000f2d00000,0x00000000f4100000)
 ParOldGen       total 48128K, used 6191K [0x00000000c5200000, 0x00000000c8100000, 0x00000000ec600000)
  object space 48128K, 12% used [0x00000000c5200000,0x00000000c580bc38,0x00000000c8100000)
 PSPermGen       total 32256K, used 16691K [0x00000000c0000000, 0x00000000c1f80000, 0x00000000c5200000)
  object space 32256K, 51% used [0x00000000c0000000,0x00000000c104ce10,0x00000000c1f80000)
Event: 6.036 GC heap after
Heap after GC invocations=8 (full 1):
 PSYoungGen      total 125952K, used 5845K [0x00000000ec600000, 0x00000000f6180000, 0x0000000100000000)
  eden space 105472K, 0% used [0x00000000ec600000,0x00000000ec600000,0x00000000f2d00000)
  from space 20480K, 28% used [0x00000000f2d00000,0x00000000f32b5578,0x00000000f4100000)
  to   space 18944K, 0% used [0x00000000f4f00000,0x00000000f4f00000,0x00000000f6180000)
 ParOldGen       total 48128K, used 6191K [0x00000000c5200000, 0x00000000c8100000, 0x00000000ec600000)
  object space 48128K, 12% used [0x00000000c5200000,0x00000000c580bc38,0x00000000c8100000)
 PSPermGen       total 32256K, used 16691K [0x00000000c0000000, 0x00000000c1f80000, 0x00000000c5200000)
  object space 32256K, 51% used [0x00000000c0000000,0x00000000c104ce10,0x00000000c1f80000)
}
Event: 10.204 GC heap before
{Heap before GC invocations=9 (full 1):
 PSYoungGen      total 125952K, used 111317K [0x00000000ec600000, 0x00000000f6180000, 0x0000000100000000)
  eden space 105472K, 100% used [0x00000000ec600000,0x00000000f2d00000,0x00000000f2d00000)
  from space 20480K, 28% used [0x00000000f2d00000,0x00000000f32b5578,0x00000000f4100000)
  to   space 18944K, 0% used [0x00000000f4f00000,0x00000000f4f00000,0x00000000f6180000)
 ParOldGen       total 48128K, used 6191K [0x00000000c5200000, 0x00000000c8100000, 0x00000000ec600000)
  object space 48128K, 12% used [0x00000000c5200000,0x00000000c580bc38,0x00000000c8100000)
 PSPermGen       total 32256K, used 17112K [0x00000000c0000000, 0x00000000c1f80000, 0x00000000c5200000)
  object space 32256K, 53% used [0x00000000c0000000,0x00000000c10b63e0,0x00000000c1f80000)
Event: 10.216 GC heap after
Heap after GC invocations=9 (full 1):
 PSYoungGen      total 139264K, used 13316K [0x00000000ec600000, 0x00000000f7680000, 0x0000000100000000)
  eden space 120320K, 0% used [0x00000000ec600000,0x00000000ec600000,0x00000000f3b80000)
  from space 18944K, 70% used [0x00000000f4f00000,0x00000000f5c01378,0x00000000f6180000)
  to   space 19968K, 0% used [0x00000000f3b80000,0x00000000f3b80000,0x00000000f4f00000)
 ParOldGen       total 48128K, used 6191K [0x00000000c5200000, 0x00000000c8100000, 0x00000000ec600000)
  object space 48128K, 12% used [0x00000000c5200000,0x00000000c580bc38,0x00000000c8100000)
 PSPermGen       total 32256K, used 17112K [0x00000000c0000000, 0x00000000c1f80000, 0x00000000c5200000)
  object space 32256K, 53% used [0x00000000c0000000,0x00000000c10b63e0,0x00000000c1f80000)
}

