# JRE version: Java(TM) SE Runtime Environment (7.0_51-b13) (build 1.7.0_51-b13)
# Java VM: Java HotSpot(TM) 64-Bit Server VM (24.51-b03 mixed mode windows-amd64 compressed oops)
Heap
 PSYoungGen      total 248832K, used 25738K [0x00000000ec600000, 0x00000000fc200000, 0x0000000100000000)
  eden space 239616K, 8% used [0x00000000ec600000,0x00000000ed91f598,0x00000000fb000000)
  from space 9216K, 66% used [0x00000000fb900000,0x00000000fbf03560,0x00000000fc200000)
  to   space 9216K, 0% used [0x00000000fb000000,0x00000000fb000000,0x00000000fb900000)
 ParOldGen       total 39936K, used 13983K [0x00000000c5200000, 0x00000000c7900000, 0x00000000ec600000)
  object space 39936K, 35% used [0x00000000c5200000,0x00000000c5fa7c88,0x00000000c7900000)
 PSPermGen       total 21504K, used 17243K [0x00000000c0000000, 0x00000000c1500000, 0x00000000c5200000)
  object space 21504K, 80% used [0x00000000c0000000,0x00000000c10d6ef0,0x00000000c1500000)
GC Heap History (10 events):
Event: 3.327 GC heap before
{Heap before GC invocations=4 (full 0):
 PSYoungGen      total 33280K, used 33250K [0x00000000ec600000, 0x00000000f0700000, 0x0000000100000000)
  eden space 30720K, 100% used [0x00000000ec600000,0x00000000ee400000,0x00000000ee400000)
  from space 2560K, 98% used [0x00000000ee400000,0x00000000ee6789e0,0x00000000ee680000)
  to   space 2560K, 0% used [0x00000000f0480000,0x00000000f0480000,0x00000000f0700000)
 ParOldGen       total 39936K, used 4329K [0x00000000c5200000, 0x00000000c7900000, 0x00000000ec600000)
  object space 39936K, 10% used [0x00000000c5200000,0x00000000c563a7f8,0x00000000c7900000)
 PSPermGen       total 21504K, used 16572K [0x00000000c0000000, 0x00000000c1500000, 0x00000000c5200000)
  object space 21504K, 77% used [0x00000000c0000000,0x00000000c102f1a0,0x00000000c1500000)
Event: 3.343 GC heap after
Heap after GC invocations=4 (full 0):
 PSYoungGen      total 64000K, used 2548K [0x00000000ec600000, 0x00000000f0700000, 0x0000000100000000)
  eden space 61440K, 0% used [0x00000000ec600000,0x00000000ec600000,0x00000000f0200000)
  from space 2560K, 99% used [0x00000000f0480000,0x00000000f06fd180,0x00000000f0700000)
  to   space 2560K, 0% used [0x00000000f0200000,0x00000000f0200000,0x00000000f0480000)
 ParOldGen       total 39936K, used 7032K [0x00000000c5200000, 0x00000000c7900000, 0x00000000ec600000)
  object space 39936K, 17% used [0x00000000c5200000,0x00000000c58de1f0,0x00000000c7900000)
 PSPermGen       total 21504K, used 16572K [0x00000000c0000000, 0x00000000c1500000, 0x00000000c5200000)
  object space 21504K, 77% used [0x00000000c0000000,0x00000000c102f1a0,0x00000000c1500000)
}
Event: 3.821 GC heap before
{Heap before GC invocations=5 (full 0):
 PSYoungGen      total 64000K, used 63988K [0x00000000ec600000, 0x00000000f0700000, 0x0000000100000000)
  eden space 61440K, 100% used [0x00000000ec600000,0x00000000f0200000,0x00000000f0200000)
  from space 2560K, 99% used [0x00000000f0480000,0x00000000f06fd180,0x00000000f0700000)
  to   space 2560K, 0% used [0x00000000f0200000,0x00000000f0200000,0x00000000f0480000)
 ParOldGen       total 39936K, used 7032K [0x00000000c5200000, 0x00000000c7900000, 0x00000000ec600000)
  object space 39936K, 17% used [0x00000000c5200000,0x00000000c58de1f0,0x00000000c7900000)
 PSPermGen       total 21504K, used 16585K [0x00000000c0000000, 0x00000000c1500000, 0x00000000c5200000)
  object space 21504K, 77% used [0x00000000c0000000,0x00000000c1032508,0x00000000c1500000)
Event: 3.829 GC heap after
Heap after GC invocations=5 (full 0):
 PSYoungGen      total 64000K, used 2547K [0x00000000ec600000, 0x00000000f4900000, 0x0000000100000000)
  eden space 61440K, 0% used [0x00000000ec600000,0x00000000ec600000,0x00000000f0200000)
  from space 2560K, 99% used [0x00000000f0200000,0x00000000f047ccd8,0x00000000f0480000)
  to   space 5632K, 0% used [0x00000000f4380000,0x00000000f4380000,0x00000000f4900000)
 ParOldGen       total 39936K, used 8425K [0x00000000c5200000, 0x00000000c7900000, 0x00000000ec600000)
  object space 39936K, 21% used [0x00000000c5200000,0x00000000c5a3a728,0x00000000c7900000)
 PSPermGen       total 21504K, used 16585K [0x00000000c0000000, 0x00000000c1500000, 0x00000000c5200000)
  object space 21504K, 77% used [0x00000000c0000000,0x00000000c1032508,0x00000000c1500000)
}
Event: 4.272 GC heap before
{Heap before GC invocations=6 (full 0):
 PSYoungGen      total 64000K, used 63987K [0x00000000ec600000, 0x00000000f4900000, 0x0000000100000000)
  eden space 61440K, 100% used [0x00000000ec600000,0x00000000f0200000,0x00000000f0200000)
  from space 2560K, 99% used [0x00000000f0200000,0x00000000f047ccd8,0x00000000f0480000)
  to   space 5632K, 0% used [0x00000000f4380000,0x00000000f4380000,0x00000000f4900000)
 ParOldGen       total 39936K, used 8425K [0x00000000c5200000, 0x00000000c7900000, 0x00000000ec600000)
  object space 39936K, 21% used [0x00000000c5200000,0x00000000c5a3a728,0x00000000c7900000)
 PSPermGen       total 21504K, used 16604K [0x00000000c0000000, 0x00000000c1500000, 0x00000000c5200000)
  object space 21504K, 77% used [0x00000000c0000000,0x00000000c10372f8,0x00000000c1500000)
Event: 4.282 GC heap after
Heap after GC invocations=6 (full 0):
 PSYoungGen      total 125440K, used 5615K [0x00000000ec600000, 0x00000000f4f00000, 0x0000000100000000)
  eden space 119808K, 0% used [0x00000000ec600000,0x00000000ec600000,0x00000000f3b00000)
  from space 5632K, 99% used [0x00000000f4380000,0x00000000f48fbef0,0x00000000f4900000)
  to   space 8704K, 0% used [0x00000000f3b00000,0x00000000f3b00000,0x00000000f4380000)
 ParOldGen       total 39936K, used 12753K [0x00000000c5200000, 0x00000000c7900000, 0x00000000ec600000)
  object space 39936K, 31% used [0x00000000c5200000,0x00000000c5e745e0,0x00000000c7900000)
 PSPermGen       total 21504K, used 16604K [0x00000000c0000000, 0x00000000c1500000, 0x00000000c5200000)
  object space 21504K, 77% used [0x00000000c0000000,0x00000000c10372f8,0x00000000c1500000)
}
Event: 12.232 GC heap before
{Heap before GC invocations=7 (full 0):
 PSYoungGen      total 125440K, used 125423K [0x00000000ec600000, 0x00000000f4f00000, 0x0000000100000000)
  eden space 119808K, 100% used [0x00000000ec600000,0x00000000f3b00000,0x00000000f3b00000)
  from space 5632K, 99% used [0x00000000f4380000,0x00000000f48fbef0,0x00000000f4900000)
  to   space 8704K, 0% used [0x00000000f3b00000,0x00000000f3b00000,0x00000000f4380000)
 ParOldGen       total 39936K, used 12753K [0x00000000c5200000, 0x00000000c7900000, 0x00000000ec600000)
  object space 39936K, 31% used [0x00000000c5200000,0x00000000c5e745e0,0x00000000c7900000)
 PSPermGen       total 21504K, used 17164K [0x00000000c0000000, 0x00000000c1500000, 0x00000000c5200000)
  object space 21504K, 79% used [0x00000000c0000000,0x00000000c10c30d0,0x00000000c1500000)
Event: 12.241 GC heap after
Heap after GC invocations=7 (full 0):
 PSYoungGen      total 128512K, used 7136K [0x00000000ec600000, 0x00000000fc200000, 0x0000000100000000)
  eden space 119808K, 0% used [0x00000000ec600000,0x00000000ec600000,0x00000000f3b00000)
  from space 8704K, 81% used [0x00000000f3b00000,0x00000000f41f8098,0x00000000f4380000)
  to   space 9216K, 0% used [0x00000000fb900000,0x00000000fb900000,0x00000000fc200000)
 ParOldGen       total 39936K, used 13374K [0x00000000c5200000, 0x00000000c7900000, 0x00000000ec600000)
  object space 39936K, 33% used [0x00000000c5200000,0x00000000c5f0f850,0x00000000c7900000)
 PSPermGen       total 21504K, used 17164K [0x00000000c0000000, 0x00000000c1500000, 0x00000000c5200000)
  object space 21504K, 79% used [0x00000000c0000000,0x00000000c10c30d0,0x00000000c1500000)
}
Event: 17.949 GC heap before
{Heap before GC invocations=8 (full 0):
 PSYoungGen      total 128512K, used 126944K [0x00000000ec600000, 0x00000000fc200000, 0x0000000100000000)
  eden space 119808K, 100% used [0x00000000ec600000,0x00000000f3b00000,0x00000000f3b00000)
  from space 8704K, 81% used [0x00000000f3b00000,0x00000000f41f8098,0x00000000f4380000)
  to   space 9216K, 0% used [0x00000000fb900000,0x00000000fb900000,0x00000000fc200000)
 ParOldGen       total 39936K, used 13374K [0x00000000c5200000, 0x00000000c7900000, 0x00000000ec600000)
  object space 39936K, 33% used [0x00000000c5200000,0x00000000c5f0f850,0x00000000c7900000)
 PSPermGen       total 21504K, used 17202K [0x00000000c0000000, 0x00000000c1500000, 0x00000000c5200000)
  object space 21504K, 79% used [0x00000000c0000000,0x00000000c10ccb58,0x00000000c1500000)
Event: 17.957 GC heap after
Heap after GC invocations=8 (full 0):
 PSYoungGen      total 248832K, used 6157K [0x00000000ec600000, 0x00000000fc200000, 0x0000000100000000)
  eden space 239616K, 0% used [0x00000000ec600000,0x00000000ec600000,0x00000000fb000000)
  from space 9216K, 66% used [0x00000000fb900000,0x00000000fbf03560,0x00000000fc200000)
  to   space 9216K, 0% used [0x00000000fb000000,0x00000000fb000000,0x00000000fb900000)
 ParOldGen       total 39936K, used 13983K [0x00000000c5200000, 0x00000000c7900000, 0x00000000ec600000)
  object space 39936K, 35% used [0x00000000c5200000,0x00000000c5fa7c88,0x00000000c7900000)
 PSPermGen       total 21504K, used 17202K [0x00000000c0000000, 0x00000000c1500000, 0x00000000c5200000)
  object space 21504K, 79% used [0x00000000c0000000,0x00000000c10ccb58,0x00000000c1500000)
}

